<?xml version="1.0" encoding="UTF-8"?>
<!-- Generated by org.testng.reporters.JUnitReportReporter -->
<testsuite hostname="DESKTOP-BGR262R" failures="0" tests="3" name="com.example.api.ApiTest" time="7.640" errors="0" timestamp="2024-12-01T21:28:16 EST" skipped="0">
  <testcase classname="com.example.api.ApiTest" name="testAllPosts" time="7.327"/>
  <system-out/>
  <testcase classname="com.example.api.ApiTest" name="testGetRequest" time="0.146"/>
  <system-out/>
  <testcase classname="com.example.api.ApiTest" name="testGetRequest1" time="0.167"/>
  <system-out/>
</testsuite> <!-- com.example.api.ApiTest -->
