<?xml version="1.0" encoding="UTF-8"?>
<!-- Generated by org.testng.reporters.JUnitReportReporter -->
<testsuite hostname="DESKTOP-BGR262R" failures="0" tests="3" name="com.example.api.ApiTest" time="8.080" errors="0" timestamp="2024-12-01T21:28:03 EST" skipped="0">
  <testcase classname="com.example.api.ApiTest" name="testGetRequest" time="0.652"/>
  <system-out/>
  <testcase classname="com.example.api.ApiTest" name="testAllPosts" time="7.025"/>
  <system-out/>
  <testcase classname="com.example.api.ApiTest" name="testGetRequest1" time="0.403"/>
  <system-out/>
</testsuite> <!-- com.example.api.ApiTest -->
